<?xml version="1.0" ?>
<!DOCTYPE coverage SYSTEM "http://cobertura.sourceforge.net/xml/coverage-04.dtd">
<coverage lines-valid="61" lines-covered="42" line-rate="0.6884999999999999" branches-valid="28" branches-covered="25" branch-rate="0.8928" timestamp="1784234785364" complexity="0" version="0.1">
  <sources>
    <source>C:\Users\em961\Documents\jenkins-multicontainer-app</source>
  </sources>
  <packages>
    <package name="main" line-rate="0.6884999999999999" branch-rate="0.8928">
      <classes>
        <class name="app.js" filename="src\app.js" line-rate="0.6884999999999999" branch-rate="0.8928">
          <methods>
            <method name="(anonymous_0)" hits="0" signature="()V">
              <lines>
                <line number="34" hits="0"/>
              </lines>
            </method>
            <method name="connectRedis" hits="1" signature="()V">
              <lines>
                <line number="39" hits="1"/>
              </lines>
            </method>
            <method name="initializeDatabase" hits="1" signature="()V">
              <lines>
                <line number="58" hits="1"/>
              </lines>
            </method>
            <method name="(anonymous_3)" hits="0" signature="()V">
              <lines>
                <line number="86" hits="0"/>
              </lines>
            </method>
            <method name="(anonymous_4)" hits="3" signature="()V">
              <lines>
                <line number="130" hits="3"/>
              </lines>
            </method>
            <method name="(anonymous_5)" hits="4" signature="()V">
              <lines>
                <line number="208" hits="4"/>
              </lines>
            </method>
            <method name="(anonymous_6)" hits="0" signature="()V">
              <lines>
                <line number="350" hits="0"/>
              </lines>
            </method>
            <method name="startServer" hits="0" signature="()V">
              <lines>
                <line number="369" hits="0"/>
              </lines>
            </method>
            <method name="(anonymous_8)" hits="0" signature="()V">
              <lines>
                <line number="380" hits="0"/>
              </lines>
            </method>
          </methods>
          <lines>
            <line number="1" hits="1" branch="false"/>
            <line number="2" hits="1" branch="false"/>
            <line number="3" hits="1" branch="false"/>
            <line number="4" hits="1" branch="false"/>
            <line number="6" hits="1" branch="false"/>
            <line number="7" hits="1" branch="true" condition-coverage="100% (2/2)"/>
            <line number="9" hits="1" branch="false"/>
            <line number="15" hits="1" branch="false"/>
            <line number="28" hits="1" branch="false"/>
            <line number="34" hits="1" branch="false"/>
            <line number="35" hits="0" branch="false"/>
            <line number="40" hits="1" branch="false"/>
            <line number="41" hits="1" branch="true" condition-coverage="50% (1/2)"/>
            <line number="42" hits="1" branch="false"/>
            <line number="43" hits="1" branch="false"/>
            <line number="46" hits="0" branch="false"/>
            <line number="59" hits="1" branch="false"/>
            <line number="61" hits="1" branch="false"/>
            <line number="69" hits="1" branch="false"/>
            <line number="73" hits="0" branch="false"/>
            <line number="86" hits="1" branch="false"/>
            <line number="88" hits="0" branch="false"/>
            <line number="89" hits="0" branch="false"/>
            <line number="92" hits="0" branch="false"/>
            <line number="94" hits="0" branch="false"/>
            <line number="98" hits="0" branch="false"/>
            <line number="103" hits="0" branch="false"/>
            <line number="106" hits="0" branch="false"/>
            <line number="130" hits="1" branch="false"/>
            <line number="135" hits="3" branch="false"/>
            <line number="138" hits="3" branch="true" condition-coverage="75% (3/4)"/>
            <line number="140" hits="0" branch="false"/>
            <line number="150" hits="3" branch="false"/>
            <line number="153" hits="3" branch="false"/>
            <line number="170" hits="3" branch="false"/>
            <line number="184" hits="3" branch="false"/>
            <line number="191" hits="0" branch="false"/>
            <line number="208" hits="1" branch="false"/>
            <line number="212" hits="4" branch="false"/>
            <line number="221" hits="4" branch="false"/>
            <line number="225" hits="4" branch="false"/>
            <line number="230" hits="4" branch="true" condition-coverage="100% (2/2)"/>
            <line number="233" hits="1" branch="false"/>
            <line number="256" hits="3" branch="false"/>
            <line number="260" hits="3" branch="false"/>
            <line number="274" hits="3" branch="true" condition-coverage="100% (2/2)"/>
            <line number="277" hits="1" branch="false"/>
            <line number="290" hits="2" branch="false"/>
            <line number="300" hits="2" branch="false"/>
            <line number="303" hits="2" branch="false"/>
            <line number="316" hits="2" branch="false"/>
            <line number="331" hits="0" branch="false"/>
            <line number="350" hits="1" branch="false"/>
            <line number="353" hits="0" branch="false"/>
            <line number="372" hits="0" branch="false"/>
            <line number="374" hits="0" branch="false"/>
            <line number="378" hits="0" branch="false"/>
            <line number="382" hits="0" branch="false"/>
            <line number="394" hits="1" branch="true" condition-coverage="50% (1/2)"/>
            <line number="396" hits="0" branch="false"/>
            <line number="406" hits="1" branch="false"/>
          </lines>
        </class>
      </classes>
    </package>
  </packages>
</coverage>
