TN:
SF:src\app.js
FN:34,(anonymous_0)
FN:39,connectRedis
FN:58,initializeDatabase
FN:86,(anonymous_3)
FN:130,(anonymous_4)
FN:208,(anonymous_5)
FN:350,(anonymous_6)
FN:369,startServer
FN:380,(anonymous_8)
FNF:9
FNH:4
FNDA:0,(anonymous_0)
FNDA:1,connectRedis
FNDA:1,initializeDatabase
FNDA:0,(anonymous_3)
FNDA:3,(anonymous_4)
FNDA:4,(anonymous_5)
FNDA:0,(anonymous_6)
FNDA:0,startServer
FNDA:0,(anonymous_8)
DA:1,1
DA:2,1
DA:3,1
DA:4,1
DA:6,1
DA:7,1
DA:9,1
DA:15,1
DA:28,1
DA:34,1
DA:35,0
DA:40,1
DA:41,1
DA:42,1
DA:43,1
DA:46,0
DA:59,1
DA:61,1
DA:69,1
DA:73,0
DA:86,1
DA:88,0
DA:89,0
DA:92,0
DA:94,0
DA:98,0
DA:103,0
DA:106,0
DA:130,1
DA:135,3
DA:138,3
DA:140,0
DA:150,3
DA:153,3
DA:170,3
DA:184,3
DA:191,0
DA:208,1
DA:212,4
DA:221,4
DA:225,4
DA:230,4
DA:233,1
DA:256,3
DA:260,3
DA:274,3
DA:277,1
DA:290,2
DA:300,2
DA:303,2
DA:316,2
DA:331,0
DA:350,1
DA:353,0
DA:372,0
DA:374,0
DA:378,0
DA:382,0
DA:394,1
DA:396,0
DA:406,1
LF:61
LH:42
BRDA:7,0,0,1
BRDA:7,0,1,1
BRDA:16,1,0,1
BRDA:16,1,1,1
BRDA:17,2,0,1
BRDA:17,2,1,1
BRDA:18,3,0,1
BRDA:18,3,1,1
BRDA:19,4,0,1
BRDA:19,4,1,1
BRDA:20,5,0,1
BRDA:20,5,1,1
BRDA:29,6,0,1
BRDA:29,6,1,1
BRDA:30,7,0,1
BRDA:30,7,1,1
BRDA:41,8,0,1
BRDA:41,8,1,0
BRDA:138,9,0,0
BRDA:138,9,1,3
BRDA:138,10,0,3
BRDA:138,10,1,3
BRDA:230,11,0,1
BRDA:230,11,1,3
BRDA:274,12,0,1
BRDA:274,12,1,2
BRDA:394,13,0,0
BRDA:394,13,1,1
BRF:28
BRH:25
end_of_record
